/bin/bash: _pytest: line 3: syntax error near unexpected token `('
/bin/bash: _pytest: line 3: ` --help | --maxfail | --report | --junit-prefix | --doctest-glob | -!(-*)[hkmorp])'
/bin/bash: error importing function definition for `_pytest'
Wed Feb 10 05:56:23 PM CET 2021
--------------------------------------
remove old documentation
--------------------------------------
--------------------------------------
convert notebooks to rst
--------------------------------------
[NbConvertApp] Converting notebook /home/janek/Dev/pkdb_analysis/docs_builder/notebooks/curation.ipynb to rst
[NbConvertApp] Executing notebook with kernel: pkdb_analysis
[NbConvertApp] Writing 3502 bytes to /home/janek/Dev/pkdb_analysis/docs_builder/notebooks/curation.rst
[NbConvertApp] Converting notebook /home/janek/Dev/pkdb_analysis/docs_builder/notebooks/data_examples.ipynb to rst
[NbConvertApp] Executing notebook with kernel: pkdb_analysis
[NbConvertApp] Writing 134738 bytes to /home/janek/Dev/pkdb_analysis/docs_builder/notebooks/data_examples.rst
[NbConvertApp] Converting notebook /home/janek/Dev/pkdb_analysis/docs_builder/notebooks/filter_examples_1.ipynb to rst
[NbConvertApp] Executing notebook with kernel: pkdb_analysis
[NbConvertApp] Writing 49442 bytes to /home/janek/Dev/pkdb_analysis/docs_builder/notebooks/filter_examples_1.rst
[NbConvertApp] Converting notebook /home/janek/Dev/pkdb_analysis/docs_builder/notebooks/filter_examples.ipynb to rst
[NbConvertApp] Executing notebook with kernel: pkdb_analysis
[NbConvertApp] Writing 52076 bytes to /home/janek/Dev/pkdb_analysis/docs_builder/notebooks/filter_examples.rst
[NbConvertApp] Converting notebook /home/janek/Dev/pkdb_analysis/docs_builder/notebooks/query_examples.ipynb to rst
[NbConvertApp] Executing notebook with kernel: pkdb_analysis
[NbConvertApp] Writing 17539 bytes to /home/janek/Dev/pkdb_analysis/docs_builder/notebooks/query_examples.rst
--------------------------------------
postprocessing notebooks rst
--------------------------------------
--------------------------------------
create html docs
--------------------------------------
Running Sphinx v3.2.1
loading pickled environment... done
building [mo]: targets for 0 po files that are out of date
building [html]: targets for 7 source files that are out of date
updating environment: 0 added, 7 changed, 0 removed
reading sources... [ 14%] api
reading sources... [ 28%] index
reading sources... [ 42%] notebooks/curation
reading sources... [ 57%] notebooks/data_examples
reading sources... [ 71%] notebooks/filter_examples
reading sources... [ 85%] notebooks/filter_examples_1
reading sources... [100%] notebooks/query_examples

/home/janek/Dev/pkdb_analysis/docs_builder/notebooks/data_examples.rst:812: WARNING: Inline emphasis start-string without end-string.
/home/janek/Dev/pkdb_analysis/docs_builder/notebooks/data_examples.rst:812: WARNING: Inline emphasis start-string without end-string.
/home/janek/Dev/pkdb_analysis/docs_builder/notebooks/data_examples.rst:812: WARNING: Inline emphasis start-string without end-string.
/home/janek/Dev/pkdb_analysis/docs_builder/notebooks/data_examples.rst:812: WARNING: Inline emphasis start-string without end-string.
/home/janek/Dev/pkdb_analysis/docs_builder/notebooks/data_examples.rst:812: WARNING: Inline emphasis start-string without end-string.
/home/janek/Dev/pkdb_analysis/docs_builder/notebooks/data_examples.rst:812: WARNING: Inline emphasis start-string without end-string.
/home/janek/Dev/pkdb_analysis/docs_builder/notebooks/data_examples.rst:812: WARNING: Inline emphasis start-string without end-string.
/home/janek/Dev/pkdb_analysis/docs_builder/notebooks/data_examples.rst:812: WARNING: Inline emphasis start-string without end-string.
/home/janek/Dev/pkdb_analysis/docs_builder/notebooks/data_examples.rst:812: WARNING: Inline emphasis start-string without end-string.
/home/janek/Dev/pkdb_analysis/docs_builder/notebooks/data_examples.rst:812: WARNING: Inline emphasis start-string without end-string.
/home/janek/Dev/pkdb_analysis/docs_builder/notebooks/filter_examples.rst:1191: WARNING: Inline emphasis start-string without end-string.
/home/janek/Dev/pkdb_analysis/docs_builder/notebooks/filter_examples.rst:1191: WARNING: Inline emphasis start-string without end-string.
/home/janek/Dev/pkdb_analysis/docs_builder/notebooks/filter_examples.rst:1191: WARNING: Inline emphasis start-string without end-string.
/home/janek/Dev/pkdb_analysis/docs_builder/notebooks/filter_examples.rst:1191: WARNING: Inline emphasis start-string without end-string.
/home/janek/Dev/pkdb_analysis/docs_builder/notebooks/filter_examples.rst:1191: WARNING: Inline emphasis start-string without end-string.
/home/janek/Dev/pkdb_analysis/docs_builder/notebooks/filter_examples.rst:1191: WARNING: Inline emphasis start-string without end-string.
/home/janek/Dev/pkdb_analysis/docs_builder/notebooks/filter_examples.rst:1191: WARNING: Inline emphasis start-string without end-string.
/home/janek/Dev/pkdb_analysis/docs_builder/notebooks/filter_examples.rst:1191: WARNING: Inline emphasis start-string without end-string.
/home/janek/Dev/pkdb_analysis/docs_builder/notebooks/filter_examples.rst:1191: WARNING: Inline emphasis start-string without end-string.
/home/janek/Dev/pkdb_analysis/docs_builder/notebooks/filter_examples.rst:1191: WARNING: Inline emphasis start-string without end-string.
/home/janek/Dev/pkdb_analysis/docs_builder/notebooks/filter_examples.rst:1599: WARNING: Inline emphasis start-string without end-string.
/home/janek/Dev/pkdb_analysis/docs_builder/notebooks/filter_examples.rst:1599: WARNING: Inline emphasis start-string without end-string.
/home/janek/Dev/pkdb_analysis/docs_builder/notebooks/filter_examples.rst:1599: WARNING: Inline emphasis start-string without end-string.
/home/janek/Dev/pkdb_analysis/docs_builder/notebooks/filter_examples.rst:1599: WARNING: Inline emphasis start-string without end-string.
/home/janek/Dev/pkdb_analysis/docs_builder/notebooks/filter_examples.rst:1599: WARNING: Inline emphasis start-string without end-string.
/home/janek/Dev/pkdb_analysis/docs_builder/notebooks/filter_examples.rst:1599: WARNING: Inline emphasis start-string without end-string.
/home/janek/Dev/pkdb_analysis/docs_builder/notebooks/filter_examples.rst:1599: WARNING: Inline emphasis start-string without end-string.
/home/janek/Dev/pkdb_analysis/docs_builder/notebooks/filter_examples.rst:1599: WARNING: Inline emphasis start-string without end-string.
/home/janek/Dev/pkdb_analysis/docs_builder/notebooks/filter_examples.rst:1599: WARNING: Inline emphasis start-string without end-string.
/home/janek/Dev/pkdb_analysis/docs_builder/notebooks/filter_examples.rst:1599: WARNING: Inline emphasis start-string without end-string.
/home/janek/Dev/pkdb_analysis/docs_builder/notebooks/filter_examples.rst:12: WARNING: duplicate label filter data, other instance in /home/janek/Dev/pkdb_analysis/docs_builder/notebooks/filter_examples_1.rst
/home/janek/Dev/pkdb_analysis/docs_builder/notebooks/filter_examples.rst:42: WARNING: duplicate label filter functions, other instance in /home/janek/Dev/pkdb_analysis/docs_builder/notebooks/filter_examples_1.rst
/home/janek/Dev/pkdb_analysis/docs_builder/notebooks/filter_examples.rst:55: WARNING: duplicate label filter by ``study_sid``, other instance in /home/janek/Dev/pkdb_analysis/docs_builder/notebooks/filter_examples_1.rst
/home/janek/Dev/pkdb_analysis/docs_builder/notebooks/filter_examples.rst:329: WARNING: duplicate label concise data, other instance in /home/janek/Dev/pkdb_analysis/docs_builder/notebooks/filter_examples_1.rst
/home/janek/Dev/pkdb_analysis/docs_builder/notebooks/filter_examples.rst:811: WARNING: duplicate label query groups and individuals, other instance in /home/janek/Dev/pkdb_analysis/docs_builder/notebooks/filter_examples_1.rst
/home/janek/Dev/pkdb_analysis/docs_builder/notebooks/filter_examples.rst:814: WARNING: duplicate label 2.1 get data for groups with characteristica/keywords x, other instance in /home/janek/Dev/pkdb_analysis/docs_builder/notebooks/filter_examples_1.rst
/home/janek/Dev/pkdb_analysis/docs_builder/notebooks/filter_examples.rst:1721: WARNING: duplicate label 3 query interventions, other instance in /home/janek/Dev/pkdb_analysis/docs_builder/notebooks/filter_examples_1.rst
/home/janek/Dev/pkdb_analysis/docs_builder/notebooks/filter_examples.rst:1724: WARNING: duplicate label 3.1 get outputs/timecourses for intervention with substance, other instance in /home/janek/Dev/pkdb_analysis/docs_builder/notebooks/filter_examples_1.rst
/home/janek/Dev/pkdb_analysis/docs_builder/notebooks/filter_examples.rst:1765: WARNING: duplicate label 4 query outputs/timecourses, other instance in /home/janek/Dev/pkdb_analysis/docs_builder/notebooks/filter_examples_1.rst
/home/janek/Dev/pkdb_analysis/docs_builder/notebooks/filter_examples.rst:1768: WARNING: duplicate label 4.1 query by measurement_type, other instance in /home/janek/Dev/pkdb_analysis/docs_builder/notebooks/filter_examples_1.rst
/home/janek/Dev/pkdb_analysis/docs_builder/notebooks/filter_examples.rst:1799: WARNING: duplicate label 5 other query others, other instance in /home/janek/Dev/pkdb_analysis/docs_builder/notebooks/filter_examples_1.rst
/home/janek/Dev/pkdb_analysis/docs_builder/notebooks/filter_examples.rst:1802: WARNING: duplicate label 5.1 complex, other instance in /home/janek/Dev/pkdb_analysis/docs_builder/notebooks/filter_examples_1.rst
/home/janek/Dev/pkdb_analysis/docs_builder/notebooks/filter_examples_1.rst:1132: WARNING: Inline emphasis start-string without end-string.
/home/janek/Dev/pkdb_analysis/docs_builder/notebooks/filter_examples_1.rst:1132: WARNING: Inline emphasis start-string without end-string.
/home/janek/Dev/pkdb_analysis/docs_builder/notebooks/filter_examples_1.rst:1132: WARNING: Inline emphasis start-string without end-string.
/home/janek/Dev/pkdb_analysis/docs_builder/notebooks/filter_examples_1.rst:1132: WARNING: Inline emphasis start-string without end-string.
/home/janek/Dev/pkdb_analysis/docs_builder/notebooks/filter_examples_1.rst:1132: WARNING: Inline emphasis start-string without end-string.
/home/janek/Dev/pkdb_analysis/docs_builder/notebooks/filter_examples_1.rst:1132: WARNING: Inline emphasis start-string without end-string.
/home/janek/Dev/pkdb_analysis/docs_builder/notebooks/filter_examples_1.rst:1132: WARNING: Inline emphasis start-string without end-string.
/home/janek/Dev/pkdb_analysis/docs_builder/notebooks/filter_examples_1.rst:1132: WARNING: Inline emphasis start-string without end-string.
/home/janek/Dev/pkdb_analysis/docs_builder/notebooks/filter_examples_1.rst:1132: WARNING: Inline emphasis start-string without end-string.
/home/janek/Dev/pkdb_analysis/docs_builder/notebooks/filter_examples_1.rst:1132: WARNING: Inline emphasis start-string without end-string.
/home/janek/Dev/pkdb_analysis/docs_builder/notebooks/filter_examples_1.rst:1540: WARNING: Inline emphasis start-string without end-string.
/home/janek/Dev/pkdb_analysis/docs_builder/notebooks/filter_examples_1.rst:1540: WARNING: Inline emphasis start-string without end-string.
/home/janek/Dev/pkdb_analysis/docs_builder/notebooks/filter_examples_1.rst:1540: WARNING: Inline emphasis start-string without end-string.
/home/janek/Dev/pkdb_analysis/docs_builder/notebooks/filter_examples_1.rst:1540: WARNING: Inline emphasis start-string without end-string.
/home/janek/Dev/pkdb_analysis/docs_builder/notebooks/filter_examples_1.rst:1540: WARNING: Inline emphasis start-string without end-string.
/home/janek/Dev/pkdb_analysis/docs_builder/notebooks/filter_examples_1.rst:1540: WARNING: Inline emphasis start-string without end-string.
/home/janek/Dev/pkdb_analysis/docs_builder/notebooks/filter_examples_1.rst:1540: WARNING: Inline emphasis start-string without end-string.
/home/janek/Dev/pkdb_analysis/docs_builder/notebooks/filter_examples_1.rst:1540: WARNING: Inline emphasis start-string without end-string.
/home/janek/Dev/pkdb_analysis/docs_builder/notebooks/filter_examples_1.rst:1540: WARNING: Inline emphasis start-string without end-string.
/home/janek/Dev/pkdb_analysis/docs_builder/notebooks/filter_examples_1.rst:1540: WARNING: Inline emphasis start-string without end-string.
/home/janek/Dev/pkdb_analysis/docs_builder/notebooks/filter_examples_1.rst:36: WARNING: duplicate label filter data, other instance in /home/janek/Dev/pkdb_analysis/docs_builder/notebooks/filter_examples.rst
/home/janek/Dev/pkdb_analysis/docs_builder/notebooks/filter_examples_1.rst:119: WARNING: duplicate label filter functions, other instance in /home/janek/Dev/pkdb_analysis/docs_builder/notebooks/filter_examples.rst
/home/janek/Dev/pkdb_analysis/docs_builder/notebooks/filter_examples_1.rst:132: WARNING: duplicate label filter by ``study_sid``, other instance in /home/janek/Dev/pkdb_analysis/docs_builder/notebooks/filter_examples.rst
/home/janek/Dev/pkdb_analysis/docs_builder/notebooks/filter_examples_1.rst:270: WARNING: duplicate label concise data, other instance in /home/janek/Dev/pkdb_analysis/docs_builder/notebooks/filter_examples.rst
/home/janek/Dev/pkdb_analysis/docs_builder/notebooks/filter_examples_1.rst:752: WARNING: duplicate label query groups and individuals, other instance in /home/janek/Dev/pkdb_analysis/docs_builder/notebooks/filter_examples.rst
/home/janek/Dev/pkdb_analysis/docs_builder/notebooks/filter_examples_1.rst:755: WARNING: duplicate label 2.1 get data for groups with characteristica/keywords x, other instance in /home/janek/Dev/pkdb_analysis/docs_builder/notebooks/filter_examples.rst
/home/janek/Dev/pkdb_analysis/docs_builder/notebooks/filter_examples_1.rst:1662: WARNING: duplicate label 3 query interventions, other instance in /home/janek/Dev/pkdb_analysis/docs_builder/notebooks/filter_examples.rst
/home/janek/Dev/pkdb_analysis/docs_builder/notebooks/filter_examples_1.rst:1665: WARNING: duplicate label 3.1 get outputs/timecourses for intervention with substance, other instance in /home/janek/Dev/pkdb_analysis/docs_builder/notebooks/filter_examples.rst
/home/janek/Dev/pkdb_analysis/docs_builder/notebooks/filter_examples_1.rst:1703: WARNING: duplicate label 4 query outputs/timecourses, other instance in /home/janek/Dev/pkdb_analysis/docs_builder/notebooks/filter_examples.rst
/home/janek/Dev/pkdb_analysis/docs_builder/notebooks/filter_examples_1.rst:1706: WARNING: duplicate label 4.1 query by measurement_type, other instance in /home/janek/Dev/pkdb_analysis/docs_builder/notebooks/filter_examples.rst
/home/janek/Dev/pkdb_analysis/docs_builder/notebooks/filter_examples_1.rst:1737: WARNING: duplicate label 5 other query others, other instance in /home/janek/Dev/pkdb_analysis/docs_builder/notebooks/filter_examples.rst
/home/janek/Dev/pkdb_analysis/docs_builder/notebooks/filter_examples_1.rst:1740: WARNING: duplicate label 5.1 complex, other instance in /home/janek/Dev/pkdb_analysis/docs_builder/notebooks/filter_examples.rst
looking for now-outdated files... none found
pickling environment... done
checking consistency... /home/janek/Dev/pkdb_analysis/docs_builder/notebooks/curation.rst: WARNING: document isn't included in any toctree
/home/janek/Dev/pkdb_analysis/docs_builder/notebooks/filter_examples_1.rst: WARNING: document isn't included in any toctree
done
preparing documents... done
writing output... [ 14%] api
writing output... [ 28%] index
writing output... [ 42%] notebooks/curation
writing output... [ 57%] notebooks/data_examples
writing output... [ 71%] notebooks/filter_examples
writing output... [ 85%] notebooks/filter_examples_1
writing output... [100%] notebooks/query_examples

generating indices...  genindexdone
highlighting module code... [ 50%] pkdb_analysis.data
highlighting module code... [100%] pkdb_analysis.query

writing additional pages...  searchdone
copying static files... ... done
copying extra files... done
dumping search index in English (code: en)... done
dumping object inventory... done
build succeeded, 76 warnings.

The HTML pages are in _build/html.
